

HI-TECH Software PIC Macro Assembler V9.83 build 10920 
                                                                                                           Sun Apr 21 15:43:54 2019


     1                           
     2                           	; HI-TECH C Compiler for PIC10/12/16 MCUs V9.83
     3                           	; Copyright (C) 1984-2011 HI-TECH Software
     4                           	;Serial no. HCPICP-123456
     5                           
     6                           	; Auto-generated runtime startup code for final link stage.
     7                           
     8                           	;
     9                           	; Compiler options:
    10                           	;
    11                           	; -oXLD-DLZFQ-20180105_V1.0.cof -mXLD-DLZFQ-20180105_V1.0.map \
    12                           	; --summary=default,-psect,-class --fill=FFFF --output=intel \
    13                           	; Display_lcd.p1 AD.p1 XLD-DLZFQ-20180105_V1.0.p1 Kscan.p1 \
    14                           	; --chip=SC8P1713S -P --runtime=default,+stackcall --opt=default \
    15                           	; -E+cmscerr.err -D__DEBUG=1 -g --asmlist \
    16                           	; --errformat=Error[%n]:	%f	第%l行	%s --msgformat=Advisory[%n]	%s \
    17                           	; --warnformat=Warning[%n]:	%f	第%l行	%s
    18                           	;
    19                           
    20                           
    21                           	processor	SC8P1713S
    22                           
    23                           	global	_main,start,_exit,reset_vec
    24                           	fnroot	_main
    25                           	psect	config,class=CONFIG,delta=2
    26                           	psect	idloc,class=IDLOC,delta=2
    27                           	psect	code,class=CODE,delta=2
    28                           	psect	powerup,class=CODE,delta=2
    29                           	psect	reset_vec,class=CODE,delta=2
    30                           	psect	maintext,class=CODE,delta=2
    31  0000                     	C	set	0
    32  0002                     	Z	set	2
    33  0002                     	PCL	set	2
    34  0000                     	INDF	set	0
    35                           
    36  0003                     	STATUS	equ	3
    37  000A                     	PCLATH	equ	0Ah
    38                           
    39                           	psect	eeprom_data,class=EEDATA,delta=2,space=2
    40                           	psect	intentry,class=CODE,delta=2
    41                           	psect	functab,class=CODE,delta=2
    42                           	global	intlevel0,intlevel1,intlevel2, intlevel3, intlevel4, intlevel5
    43  0000                     intlevel0:
    44  0000                     intlevel1:
    45  0000                     intlevel2:
    46  0000                     intlevel3:
    47  0000                     intlevel4:
    48  0000                     intlevel5:
    49                           	psect	init,class=CODE,delta=2
    50                           	psect	cinit,class=CODE,delta=2
    51                           	psect	text,class=CODE,delta=2
    52                           	psect	end_init,class=CODE,delta=2
    53                           	psect	clrtext,class=CODE,delta=2
    54  0004                     	FSR	set	4
    55                           	psect	strings,class=CODE,delta=2,reloc=256
    56                           
    57                           	psect	reset_vec
    58  0000                     reset_vec:
    59                           	; No powerup routine
    60                           	global start
    61                           
    62                           ; jump to start
    63  0000  2810               	goto	start & 0x7FF | (reset_vec & not 0x7FF)
    64                           
    65                           
    66                           
    67                           	psect	init
    68  0010                     start
    69  0010                     _exit
    70                           	psect	end_init
    71                           	global start_initialization
    72  0010  28C1               	ljmp start_initialization	;jump to C runtime clear & initialization


HI-TECH Software PICC Macro Assembler V9.83 build 10920 
Symbol Table                                                                                               Sun Apr 21 15:43:54 2019

               _main 07D0                 _exit 0010                 start 0010  start_initialization 00C1  
           intlevel0 0000             intlevel1 0000             intlevel2 0000             intlevel3 0000  
           intlevel4 0000             intlevel5 0000             reset_vec 0000  
