

Microchip Technology PIC Macro Assembler V1.45 build -152302408 
                                                                                                           Tue Aug 25 16:07:55 2020


     1                           
     2                           	; Microchip MPLAB XC8 C Compiler V1.45
     3                           	; Copyright (C) 1984-2017 HI-TECH Software
     4                           
     5                           	; Auto-generated runtime startup code for final link stage.
     6                           
     7                           	;
     8                           	; Compiler options:
     9                           	;
    10                           	; -oK13-01.cof -mK13-01.map --summary=default,-psect,-class \
    11                           	; --fill=0xFFFF --output=intel ADC.p1 even.p1 K13-01.p1 Key.p1 LED.p1 \
    12                           	; main.p1 Motor.p1 --chip=SC8P1712C -P --runtime=default, \
    13                           	; --opt=-local,-asmfile,+asm,-speed,+space,-debug -E+cmscerr.err \
    14                           	; -D__DEBUG=1 -g --asmlist --warn=0 --stack=compiled:auto:auto:auto \
    15                           	; --addrqual=request --mode=pro --errformat=Error[%n]:	%f	第%l行	%s \
    16                           	; --msgformat=Advisory[%n]	%s --warnformat=Warning[%n]:	%f	第%l行	%s
    17                           	;
    18                           
    19                           
    20                           	processor	SC8P1712C
    21                           
    22                           	global	_main,start,reset_vec
    23                           	fnroot	_main
    24                           	psect	config,class=CONFIG,delta=2,noexec
    25                           	psect	idloc,class=IDLOC,delta=2,noexec
    26                           	psect	code,class=CODE,delta=2
    27                           	psect	powerup,class=CODE,delta=2
    28                           	psect	reset_vec,class=CODE,delta=2
    29                           	psect	maintext,class=CODE,delta=2
    30  0000                     	Z	set	2
    31  0002                     	PCL	set	2
    32  0002                     	INDF	set	0
    33  0000                     
    34                           	STATUS	equ	3
    35  0003                     	PCLATH	equ	0Ah
    36  000A                     
    37                           	psect	eeprom_data,class=EEDATA,delta=2,space=3,noexec
    38                           	psect	intentry,class=CODE,delta=2
    39                           	psect	functab,class=ENTRY,delta=2
    40                           	global	intlevel0,intlevel1,intlevel2, intlevel3, intlevel4, intlevel5
    41                           intlevel0:
    42  0000                     intlevel1:
    43  0000                     intlevel2:
    44  0000                     intlevel3:
    45  0000                     intlevel4:
    46  0000                     intlevel5:
    47  0000                     	psect	init,class=CODE,delta=2
    48                           	psect	cinit,class=CODE,delta=2
    49                           	psect	text,class=CODE,delta=2
    50                           	psect	end_init,class=CODE,delta=2
    51                           	psect	clrtext,class=CODE,delta=2
    52                           	FSR	set	4
    53  0004                     	psect	strings,class=CODE,delta=2,reloc=256
    54                           
    55                           	global stacklo, stackhi
    56                           	stacklo	equ	0
    57  0000                     	stackhi	equ	0
    58  0000                     
    59                           
    60                           	psect	stack,class=STACK,space=2,noexec
    61                           	global ___sp,___int_sp
    62                           	___sp:
    63  0000                     	___int_sp:
    64  0000                     	psect	reset_vec
    65                           reset_vec:
    66  0000                     	; No powerup routine
    67                           	global start
    68                           
    69                           ; jump to start
    70                           	goto	start & 0x7FF | (reset_vec & not 0x7FF)
    71  0000  280C               
    72                           
    73                           
    74                           	psect	init
    75                           start
    76  000C                     	psect	end_init
    77                           	global start_initialization
    78                           	ljmp start_initialization	;jump to C runtime clear & initialization
    79  000C  280D               


Microchip Technology PIC Macro Assembler V1.45 build -152302408 
Symbol Table                                                                                               Tue Aug 25 16:07:55 2020

               ___sp 0000                 _main 07D9                 start 000C               stackhi 0000  
             stacklo 0000  start_initialization 000D             ___int_sp 0000             intlevel0 0000  
           intlevel1 0000             intlevel2 0000             intlevel3 0000             intlevel4 0000  
           intlevel5 0000             reset_vec 0000  
