

Microchip Technology PIC Macro Assembler V1.45 build -152302408 
                                                                                                           Fri Jul 31 09:51:16 2020


     1                           
     2                           	; Microchip MPLAB XC8 C Compiler V1.45
     3                           	; Copyright (C) 1984-2017 HI-TECH Software
     4                           
     5                           	; Auto-generated runtime startup code for final link stage.
     6                           
     7                           	;
     8                           	; Compiler options:
     9                           	;
    10                           	; -oK06-43.cof -mK06-43.map --summary=default,-psect,-class \
    11                           	; --fill=0xFFFF --output=intel main.p1 even.p1 K06-43.p1 ADC.p1 Key.p1 \
    12                           	; LED.p1 Motor.p1 Beep.p1 Charge.p1 --chip=SC8P1713S -P \
    13                           	; --runtime=default, --opt=-local,-asmfile,+asm,-speed,+space,-debug \
    14                           	; -E+cmscerr.err -D__DEBUG=1 -g --asmlist --warn=-9 \
    15                           	; --stack=compiled:auto:auto:auto --addrqual=request --mode=pro \
    16                           	; --errformat=Error[%n]:	%f	第%l行	%s --msgformat=Advisory[%n]	%s \
    17                           	; --warnformat=Warning[%n]:	%f	第%l行	%s
    18                           	;
    19                           
    20                           
    21                           	processor	SC8P1713S
    22                           
    23                           	global	_main,start,reset_vec
    24                           	fnroot	_main
    25                           	psect	config,class=CONFIG,delta=2,noexec
    26                           	psect	idloc,class=IDLOC,delta=2,noexec
    27                           	psect	code,class=CODE,delta=2
    28                           	psect	powerup,class=CODE,delta=2
    29                           	psect	reset_vec,class=CODE,delta=2
    30                           	psect	maintext,class=CODE,delta=2
    31  0000                     	Z	set	2
    32  0002                     	PCL	set	2
    33  0002                     	INDF	set	0
    34  0000                     
    35                           	STATUS	equ	3
    36  0003                     	PCLATH	equ	0Ah
    37  000A                     
    38                           	psect	eeprom_data,class=EEDATA,delta=2,space=3,noexec
    39                           	psect	intentry,class=CODE,delta=2
    40                           	psect	functab,class=ENTRY,delta=2
    41                           	global	intlevel0,intlevel1,intlevel2, intlevel3, intlevel4, intlevel5
    42                           intlevel0:
    43  0000                     intlevel1:
    44  0000                     intlevel2:
    45  0000                     intlevel3:
    46  0000                     intlevel4:
    47  0000                     intlevel5:
    48  0000                     	psect	init,class=CODE,delta=2
    49                           	psect	cinit,class=CODE,delta=2
    50                           	psect	text,class=CODE,delta=2
    51                           	psect	end_init,class=CODE,delta=2
    52                           	psect	clrtext,class=CODE,delta=2
    53                           	FSR	set	4
    54  0004                     	psect	strings,class=CODE,delta=2,reloc=256
    55                           
    56                           	global stacklo, stackhi
    57                           	stacklo	equ	0
    58  0000                     	stackhi	equ	0
    59  0000                     
    60                           
    61                           	psect	stack,class=STACK,space=2,noexec
    62                           	global ___sp,___int_sp
    63                           	___sp:
    64  0000                     	___int_sp:
    65  0000                     	psect	reset_vec
    66                           reset_vec:
    67  0000                     	; No powerup routine
    68                           	global start
    69                           
    70                           ; jump to start
    71                           	goto	start & 0x7FF | (reset_vec & not 0x7FF)
    72  0000  280A               
    73                           
    74                           
    75                           	psect	init
    76                           start
    77  000A                     	psect	end_init
    78                           	global start_initialization
    79                           	ljmp start_initialization	;jump to C runtime clear & initialization
    80  000A  280B               


Microchip Technology PIC Macro Assembler V1.45 build -152302408 
Symbol Table                                                                                               Fri Jul 31 09:51:16 2020

               ___sp 0000                 _main 03F6                 start 000A               stackhi 0000  
             stacklo 0000  start_initialization 000B             ___int_sp 0000             intlevel0 0000  
           intlevel1 0000             intlevel2 0000             intlevel3 0000             intlevel4 0000  
           intlevel5 0000             reset_vec 0000  
